<?xml version="1.0" encoding="UTF-8"?>
<!-- Generated by org.testng.reporters.JUnitReportReporter -->
<testsuite hostname="DESKTOP-92J101I" failures="0" tests="4" name="api.test.UserTests" time="11.428" errors="0" timestamp="2023-05-24T17:12:53 IST" skipped="0">
  <testcase classname="api.test.UserTests" name="testPostUser" time="4.173"/>
  <system-out/>
  <testcase classname="api.test.UserTests" name="testGetUserByName" time="1.123"/>
  <system-out/>
  <testcase classname="api.test.UserTests" name="testUpdateUserByName" time="4.088"/>
  <system-out/>
  <testcase classname="api.test.UserTests" name="testDeleteUserByName" time="2.044"/>
  <system-out/>
</testsuite> <!-- api.test.UserTests -->
