<?xml version="1.0" encoding="UTF-8"?>
<!-- Generated by org.testng.reporters.JUnitReportReporter -->
<testsuite hostname="DESKTOP-92J101I" failures="0" tests="6" name="api.test.DDTests" time="13.740" errors="0" timestamp="2023-05-22T18:55:01 IST" skipped="0">
  <testcase classname="api.test.DDTests" name="testPostUser" time="1.101"/>
  <system-out/>
  <testcase classname="api.test.DDTests" name="testPostUser" time="1.792"/>
  <system-out/>
  <testcase classname="api.test.DDTests" name="testPostUser" time="6.124"/>
  <system-out/>
  <testcase classname="api.test.DDTests" name="testDeleteUserByName" time="1.099"/>
  <system-out/>
  <testcase classname="api.test.DDTests" name="testDeleteUserByName" time="1.195"/>
  <system-out/>
  <testcase classname="api.test.DDTests" name="testDeleteUserByName" time="2.429"/>
  <system-out/>
</testsuite> <!-- api.test.DDTests -->
